[2024-11-07 17:02:41,168] multiqc                                            [DEBUG  ]  This is MultiQC v1.17
[2024-11-07 17:02:41,168] multiqc                                            [DEBUG  ]  Command used: /home/ecosystems/miniconda3/envs/metatax/bin/multiqc --interactive -o ../../02_filtering/16S/raw_reads_QC/ index_sequence ROH 16S 160816 MiSeq Metagenomics results.pdf ROH1_S165_L001_R1_001_fastqc.html ROH1_S165_L001_R1_001_fastqc.zip ROH1_S165_L001_R1_001.fastq.gz ROH1_S165_L001_R2_001_fastqc.html ROH1_S165_L001_R2_001_fastqc.zip ROH1_S165_L001_R2_001.fastq.gz ROH2_S166_L001_R1_001_fastqc.html ROH2_S166_L001_R1_001_fastqc.zip ROH2_S166_L001_R1_001.fastq.gz ROH2_S166_L001_R2_001_fastqc.html ROH2_S166_L001_R2_001_fastqc.zip ROH2_S166_L001_R2_001.fastq.gz ROH_August2016_16S.zip
[2024-11-07 17:02:41,775] multiqc                                            [DEBUG  ]  Could not connect to multiqc.info for version check: module 'packaging.version' has no attribute 'StrictVersion'
[2024-11-07 17:02:41,776] multiqc                                            [DEBUG  ]  Working dir : /home/ecosystems/Bioinformatics/Classes/BioInfo4EEG/Your_Project_Folder/data/01_raw/16S
[2024-11-07 17:02:41,776] multiqc                                            [DEBUG  ]  Template    : default
[2024-11-07 17:02:41,776] multiqc                                            [DEBUG  ]  Running Python 3.10.12 | packaged by conda-forge | (main, Jun 23 2023, 22:40:32) [GCC 12.3.0]
[2024-11-07 17:02:41,776] multiqc                                            [DEBUG  ]  Analysing modules: custom_content, ccs, ngsderive, purple, conpair, lima, peddy, somalier, methylQA, mosdepth, phantompeakqualtools, qualimap, preseq, hifiasm, quast, qorts, rna_seqc, rockhopper, rsem, rseqc, busco, bustools, goleft_indexcov, gffcompare, disambiguate, supernova, deeptools, sargasso, verifybamid, mirtrace, happy, mirtop, sambamba, gopeaks, homer, hops, macs2, theta2, snpeff, gatk, htseq, bcftools, featureCounts, fgbio, dragen, dragen_fastqc, dedup, pbmarkdup, damageprofiler, mapdamage, biobambam2, jcvi, mtnucratio, picard, vep, sentieon, bakta, prokka, qc3C, nanostat, samblaster, samtools, sexdeterrmine, eigenstratdatabasetools, bamtools, jellyfish, vcftools, longranger, stacks, varscan2, snippy, umitools, truvari, bbmap, bismark, biscuit, diamond, hicexplorer, hicup, hicpro, salmon, kallisto, slamdunk, star, hisat2, tophat, bowtie2, bowtie1, cellranger, snpsplit, odgi, pangolin, nextclade, freyja, humid, kat, leehom, librarian, adapterRemoval, bbduk, clipandmerge, cutadapt, flexbar, sourmash, kaiju, bracken, kraken, malt, motus, trimmomatic, sickle, skewer, sortmerna, biobloomtools, fastq_screen, afterqc, fastp, fastqc, filtlong, prinseqplusplus, pychopper, porechop, pycoqc, minionqc, anglerfish, multivcfanalyzer, clusterflow, checkqc, bcl2fastq, bclconvert, interop, ivar, flash, seqyclean, optitype, whatshap
[2024-11-07 17:02:41,776] multiqc                                            [DEBUG  ]  Using temporary directory for creating report: /tmp/tmpwgr4ker1
[2024-11-07 17:02:41,776] multiqc                                            [INFO   ]  Search path : /home/ecosystems/Bioinformatics/Classes/BioInfo4EEG/Your_Project_Folder/data/01_raw/16S/index_sequence
[2024-11-07 17:02:41,776] multiqc                                            [INFO   ]  Search path : /home/ecosystems/Bioinformatics/Classes/BioInfo4EEG/Your_Project_Folder/data/01_raw/16S/ROH 16S 160816 MiSeq Metagenomics results.pdf
[2024-11-07 17:02:41,776] multiqc                                            [INFO   ]  Search path : /home/ecosystems/Bioinformatics/Classes/BioInfo4EEG/Your_Project_Folder/data/01_raw/16S/ROH1_S165_L001_R1_001_fastqc.html
[2024-11-07 17:02:41,776] multiqc                                            [INFO   ]  Search path : /home/ecosystems/Bioinformatics/Classes/BioInfo4EEG/Your_Project_Folder/data/01_raw/16S/ROH1_S165_L001_R1_001_fastqc.zip
[2024-11-07 17:02:41,776] multiqc                                            [INFO   ]  Search path : /home/ecosystems/Bioinformatics/Classes/BioInfo4EEG/Your_Project_Folder/data/01_raw/16S/ROH1_S165_L001_R1_001.fastq.gz
[2024-11-07 17:02:41,776] multiqc                                            [INFO   ]  Search path : /home/ecosystems/Bioinformatics/Classes/BioInfo4EEG/Your_Project_Folder/data/01_raw/16S/ROH1_S165_L001_R2_001_fastqc.html
[2024-11-07 17:02:41,776] multiqc                                            [INFO   ]  Search path : /home/ecosystems/Bioinformatics/Classes/BioInfo4EEG/Your_Project_Folder/data/01_raw/16S/ROH1_S165_L001_R2_001_fastqc.zip
[2024-11-07 17:02:41,777] multiqc                                            [INFO   ]  Search path : /home/ecosystems/Bioinformatics/Classes/BioInfo4EEG/Your_Project_Folder/data/01_raw/16S/ROH1_S165_L001_R2_001.fastq.gz
[2024-11-07 17:02:41,777] multiqc                                            [INFO   ]  Search path : /home/ecosystems/Bioinformatics/Classes/BioInfo4EEG/Your_Project_Folder/data/01_raw/16S/ROH2_S166_L001_R1_001_fastqc.html
[2024-11-07 17:02:41,777] multiqc                                            [INFO   ]  Search path : /home/ecosystems/Bioinformatics/Classes/BioInfo4EEG/Your_Project_Folder/data/01_raw/16S/ROH2_S166_L001_R1_001_fastqc.zip
[2024-11-07 17:02:41,777] multiqc                                            [INFO   ]  Search path : /home/ecosystems/Bioinformatics/Classes/BioInfo4EEG/Your_Project_Folder/data/01_raw/16S/ROH2_S166_L001_R1_001.fastq.gz
[2024-11-07 17:02:41,777] multiqc                                            [INFO   ]  Search path : /home/ecosystems/Bioinformatics/Classes/BioInfo4EEG/Your_Project_Folder/data/01_raw/16S/ROH2_S166_L001_R2_001_fastqc.html
[2024-11-07 17:02:41,777] multiqc                                            [INFO   ]  Search path : /home/ecosystems/Bioinformatics/Classes/BioInfo4EEG/Your_Project_Folder/data/01_raw/16S/ROH2_S166_L001_R2_001_fastqc.zip
[2024-11-07 17:02:41,777] multiqc                                            [INFO   ]  Search path : /home/ecosystems/Bioinformatics/Classes/BioInfo4EEG/Your_Project_Folder/data/01_raw/16S/ROH2_S166_L001_R2_001.fastq.gz
[2024-11-07 17:02:41,777] multiqc                                            [INFO   ]  Search path : /home/ecosystems/Bioinformatics/Classes/BioInfo4EEG/Your_Project_Folder/data/01_raw/16S/ROH_August2016_16S.zip
[2024-11-07 17:02:41,831] multiqc                                            [DEBUG  ]  Summary of files that were skipped by the search: [skipped_module_specific_max_filesize: 52] // [skipped_no_match: 14] // [skipped_ignore_pattern: 9] // [skipped_filesize_limit: 1]
[2024-11-07 17:02:42,025] multiqc.plots.bargraph                             [DEBUG  ]  Using matplotlib version 3.8.0
[2024-11-07 17:02:42,025] multiqc.plots.linegraph                            [DEBUG  ]  Using matplotlib version 3.8.0
[2024-11-07 17:02:42,025] multiqc                                            [DEBUG  ]  No samples found: custom_content
[2024-11-07 17:02:42,049] multiqc.modules.fastqc.fastqc                      [INFO   ]  Found 4 reports
[2024-11-07 17:02:42,069] multiqc.utils.software_versions                    [DEBUG  ]  Reading software versions from config.software_versions
[2024-11-07 17:02:42,072] multiqc                                            [DEBUG  ]  Compressing plot data
[2024-11-07 17:02:42,103] multiqc                                            [INFO   ]  Report      : ../../02_filtering/16S/raw_reads_QC/multiqc_report.html
[2024-11-07 17:02:42,103] multiqc                                            [INFO   ]  Data        : ../../02_filtering/16S/raw_reads_QC/multiqc_data
[2024-11-07 17:02:42,103] multiqc                                            [DEBUG  ]  Moving data file from '/tmp/tmpwgr4ker1/multiqc_data' to '../../02_filtering/16S/raw_reads_QC/multiqc_data'
[2024-11-07 17:02:42,104] multiqc                                            [DEBUG  ]  Full report path: /home/ecosystems/Bioinformatics/Classes/BioInfo4EEG/Your_Project_Folder/data/02_filtering/16S/raw_reads_QC/multiqc_report.html
[2024-11-07 17:02:42,151] multiqc                                            [INFO   ]  MultiQC complete
